<?xml version="1.0" encoding="UTF-8" ?>
<testsuites>
  <testsuite failures="0" hostname="ibm-aniketpathania" id="0" name="new_test/tests" package="" skipped="0" tests="0" time="1.72465485E9" timestamp="Thu Jan 01 05:30:00 IST 1970">
	    <properties>
		      <property name="excludeCallableTestCases" value="true" />

		      <property name="testEnvironment" value="PreProd" />

		      <property name="pluginOutputLevel" value="WARNING" />

		      <property name="projectPath" value=".." />

		      <property name="salesforceMetadataCache" value="Reuse" />

		      <property name="resultsPathDisposition" value="Increment" />

		      <property name="testOutputLevel" value="INFO" />

		      <property name="webBrowserType" value="Chrome" />

		      <property name="resultsPath" value="../ANT/Results" />

		      <property name="webBrowserConfiguration" value="Full Screen" />

		      <property name="projectCachePath" value="C:\Users\aniket.pathania\Provar\Workspace11\new_test\ANT\..\..\.provarCaches" />

	    </properties>

  </testsuite>
</testsuites>
