<?xml version="1.0" encoding="UTF-8" ?>
<testsuites>
  <testsuite failures="0" hostname="ibm-aniketpathania" id="0" name="new_test/tests" package="" skipped="0" tests="1" time="53.878" timestamp="Mon Sep 23 12:36:15 IST 2024">
	    <properties>
		      <property name="excludeCallableTestCases" value="true" />

		      <property name="testEnvironment" value="PreProd" />

		      <property name="pluginOutputLevel" value="WARNING" />

		      <property name="projectPath" value=".." />

		      <property name="salesforceMetadataCache" value="Reuse" />

		      <property name="resultsPathDisposition" value="Increment" />

		      <property name="testOutputLevel" value="INFO" />

		      <property name="webBrowserType" value="Chrome" />

		      <property name="resultsPath" value="../ANT/Results" />

		      <property name="webBrowserConfiguration" value="Full Screen" />

		      <property name="projectCachePath" value="C:\Users\aniket.pathania\Provar\Workspace11\new_test\ANT\..\..\.provarCaches" />

	    </properties>

	    <testcase classname="tests/Salesforce\AccountCreation_Assertion.testcase" name="AccountCreation_Assertion.testcase" time="50.58">
	</testcase>

  </testsuite>
</testsuites>
